<?xml version="1.0" encoding="UTF-8"?>
<testsuite name="NumberUtilTest" tests="3" skipped="0" failures="0" errors="0" timestamp="2020-07-04T03:22:59" hostname="longnguyen-Inspiron-3558" time="0.003">
  <properties/>
  <testcase name="isBeautifulNumber1234" classname="NumberUtilTest" time="0.001"/>
  <testcase name="isBeautifulNumber153" classname="NumberUtilTest" time="0.0"/>
  <testcase name="isBeautifulNumber12" classname="NumberUtilTest" time="0.001"/>
  <system-out><![CDATA[]]></system-out>
  <system-err><![CDATA[]]></system-err>
</testsuite>
